<?xml version="1.0" encoding="UTF-8"?>
<!-- Generated by org.testng.reporters.JUnitXMLReporter -->
<testsuite ignored="0" hostname="DESKTOP-B9R9RH8" failures="0" tests="6" name="Default test" time="2.919" errors="0" timestamp="09 Apr 2022 23:15:19 GMT">
  <testcase classname="webdriver.Topic_03_Xpath_Part2" name="@BeforeClass beforeClass" time="2.798">
    <failure type="org.openqa.selenium.SessionNotCreatedException" message="session not created: This version of ChromeDriver only supports Chrome version 98
Current browser version is 100.0.4896.75 with binary path C:\Program Files\Google\Chrome\Application\chrome.exe
Build info: version: &amp;apos;3.141.59&amp;apos;, revision: &amp;apos;e82be7d358&amp;apos;, time: &amp;apos;2018-11-14T08:25:53&amp;apos;
System info: host: &amp;apos;DESKTOP-B9R9RH8&amp;apos;, ip: &amp;apos;192.168.1.146&amp;apos;, os.name: &amp;apos;Windows 10&amp;apos;, os.arch: &amp;apos;amd64&amp;apos;, os.version: &amp;apos;10.0&amp;apos;, java.version: &amp;apos;11.0.13&amp;apos;
Driver info: driver.version: ChromeDriver
remote stacktrace: Backtrace:
	Ordinal0 [0x009569A3+2582947]
	Ordinal0 [0x008EA6D1+2139857]
	Ordinal0 [0x007E3A98+1063576]
	Ordinal0 [0x008033B8+1192888]
	Ordinal0 [0x007FF235+1176117]
	Ordinal0 [0x007FC9E1+1165793]
	Ordinal0 [0x0082CFFF+1363967]
	Ordinal0 [0x0082CC2A+1362986]
	Ordinal0 [0x00828366+1344358]
	Ordinal0 [0x00805176+1200502]
	Ordinal0 [0x00806066+1204326]
	GetHandleVerifier [0x00AFBE02+1675858]
	GetHandleVerifier [0x00BB036C+2414524]
	GetHandleVerifier [0x009EBB01+560977]
	GetHandleVerifier [0x009EA8D3+556323]
	Ordinal0 [0x008F020E+2163214]
	Ordinal0 [0x008F5078+2183288]
	Ordinal0 [0x008F51C0+2183616]
	Ordinal0 [0x008FEE1C+2223644]
	BaseThreadInitThunk [0x7746FA29+25]
	RtlGetAppContainerNamedObjectPath [0x77A37A7E+286]
	RtlGetAppContainerNamedObjectPath [0x77A37A4E+238]
">
      <![CDATA[org.openqa.selenium.SessionNotCreatedException: session not created: This version of ChromeDriver only supports Chrome version 98
Current browser version is 100.0.4896.75 with binary path C:\Program Files\Google\Chrome\Application\chrome.exe
Build info: version: '3.141.59', revision: 'e82be7d358', time: '2018-11-14T08:25:53'
System info: host: 'DESKTOP-B9R9RH8', ip: '192.168.1.146', os.name: 'Windows 10', os.arch: 'amd64', os.version: '10.0', java.version: '11.0.13'
Driver info: driver.version: ChromeDriver
remote stacktrace: Backtrace:
Ordinal0 [0x009569A3+2582947]
Ordinal0 [0x008EA6D1+2139857]
Ordinal0 [0x007E3A98+1063576]
Ordinal0 [0x008033B8+1192888]
Ordinal0 [0x007FF235+1176117]
Ordinal0 [0x007FC9E1+1165793]
Ordinal0 [0x0082CFFF+1363967]
Ordinal0 [0x0082CC2A+1362986]
Ordinal0 [0x00828366+1344358]
Ordinal0 [0x00805176+1200502]
Ordinal0 [0x00806066+1204326]
GetHandleVerifier [0x00AFBE02+1675858]
GetHandleVerifier [0x00BB036C+2414524]
GetHandleVerifier [0x009EBB01+560977]
GetHandleVerifier [0x009EA8D3+556323]
Ordinal0 [0x008F020E+2163214]
Ordinal0 [0x008F5078+2183288]
Ordinal0 [0x008F51C0+2183616]
Ordinal0 [0x008FEE1C+2223644]
BaseThreadInitThunk [0x7746FA29+25]
RtlGetAppContainerNamedObjectPath [0x77A37A7E+286]
RtlGetAppContainerNamedObjectPath [0x77A37A4E+238]

at java.base/jdk.internal.reflect.NativeConstructorAccessorImpl.newInstance0(Native Method)
at java.base/jdk.internal.reflect.NativeConstructorAccessorImpl.newInstance(NativeConstructorAccessorImpl.java:62)
at java.base/jdk.internal.reflect.DelegatingConstructorAccessorImpl.newInstance(DelegatingConstructorAccessorImpl.java:45)
at java.base/java.lang.reflect.Constructor.newInstance(Constructor.java:490)
at org.openqa.selenium.remote.W3CHandshakeResponse.lambda$errorHandler$0(W3CHandshakeResponse.java:62)
at org.openqa.selenium.remote.HandshakeResponse.lambda$getResponseFunction$0(HandshakeResponse.java:30)
at org.openqa.selenium.remote.ProtocolHandshake.lambda$createSession$0(ProtocolHandshake.java:126)
at java.base/java.util.stream.ReferencePipeline$3$1.accept(ReferencePipeline.java:195)
at java.base/java.util.Spliterators$ArraySpliterator.tryAdvance(Spliterators.java:958)
at java.base/java.util.stream.ReferencePipeline.forEachWithCancel(ReferencePipeline.java:127)
at java.base/java.util.stream.AbstractPipeline.copyIntoWithCancel(AbstractPipeline.java:502)
at java.base/java.util.stream.AbstractPipeline.copyInto(AbstractPipeline.java:488)
at java.base/java.util.stream.AbstractPipeline.wrapAndCopyInto(AbstractPipeline.java:474)
at java.base/java.util.stream.FindOps$FindOp.evaluateSequential(FindOps.java:150)
at java.base/java.util.stream.AbstractPipeline.evaluate(AbstractPipeline.java:234)
at java.base/java.util.stream.ReferencePipeline.findFirst(ReferencePipeline.java:543)
at org.openqa.selenium.remote.ProtocolHandshake.createSession(ProtocolHandshake.java:128)
at org.openqa.selenium.remote.ProtocolHandshake.createSession(ProtocolHandshake.java:74)
at org.openqa.selenium.remote.HttpCommandExecutor.execute(HttpCommandExecutor.java:136)
at org.openqa.selenium.remote.service.DriverCommandExecutor.execute(DriverCommandExecutor.java:83)
at org.openqa.selenium.remote.RemoteWebDriver.execute(RemoteWebDriver.java:552)
at org.openqa.selenium.remote.RemoteWebDriver.startSession(RemoteWebDriver.java:213)
at org.openqa.selenium.remote.RemoteWebDriver.<init>(RemoteWebDriver.java:131)
at org.openqa.selenium.chrome.ChromeDriver.<init>(ChromeDriver.java:181)
at org.openqa.selenium.chrome.ChromeDriver.<init>(ChromeDriver.java:168)
at org.openqa.selenium.chrome.ChromeDriver.<init>(ChromeDriver.java:123)
at webdriver.Topic_03_Xpath_Part2.beforeClass(Topic_03_Xpath_Part2.java:21)
at java.base/jdk.internal.reflect.NativeMethodAccessorImpl.invoke0(Native Method)
at java.base/jdk.internal.reflect.NativeMethodAccessorImpl.invoke(NativeMethodAccessorImpl.java:62)
at java.base/jdk.internal.reflect.DelegatingMethodAccessorImpl.invoke(DelegatingMethodAccessorImpl.java:43)
at java.base/java.lang.reflect.Method.invoke(Method.java:566)
at org.testng.internal.MethodInvocationHelper.invokeMethod(MethodInvocationHelper.java:124)
at org.testng.internal.MethodInvocationHelper.invokeMethodConsideringTimeout(MethodInvocationHelper.java:59)
at org.testng.internal.Invoker.invokeConfigurationMethod(Invoker.java:458)
at org.testng.internal.Invoker.invokeConfigurations(Invoker.java:222)
at org.testng.internal.Invoker.invokeConfigurations(Invoker.java:142)
at org.testng.internal.TestMethodWorker.invokeBeforeClassMethods(TestMethodWorker.java:168)
at org.testng.internal.TestMethodWorker.run(TestMethodWorker.java:105)
at org.testng.TestRunner.privateRun(TestRunner.java:648)
at org.testng.TestRunner.run(TestRunner.java:505)
at org.testng.SuiteRunner.runTest(SuiteRunner.java:455)
at org.testng.SuiteRunner.runSequentially(SuiteRunner.java:450)
at org.testng.SuiteRunner.privateRun(SuiteRunner.java:415)
at org.testng.SuiteRunner.run(SuiteRunner.java:364)
at org.testng.SuiteRunnerWorker.runSuite(SuiteRunnerWorker.java:52)
at org.testng.SuiteRunnerWorker.run(SuiteRunnerWorker.java:84)
at org.testng.TestNG.runSuitesSequentially(TestNG.java:1208)
at org.testng.TestNG.runSuitesLocally(TestNG.java:1137)
at org.testng.TestNG.runSuites(TestNG.java:1049)
at org.testng.TestNG.run(TestNG.java:1017)
at org.testng.remote.AbstractRemoteTestNG.run(AbstractRemoteTestNG.java:115)
at org.testng.remote.RemoteTestNG.initAndRun(RemoteTestNG.java:251)
at org.testng.remote.RemoteTestNG.main(RemoteTestNG.java:77)
]]>
    </failure>
  </testcase> <!-- @BeforeClass beforeClass -->
  <testcase classname="webdriver.Topic_03_Xpath_Part2" name="@AfterClass afterClass" time="0.0">
    <skipped/>
  </testcase> <!-- @AfterClass afterClass -->
  <testcase classname="webdriver.Topic_03_Xpath_Part2" name="Register_01_Empty_Data" time="0.0">
    <skipped/>
  </testcase> <!-- Register_01_Empty_Data -->
  <testcase classname="webdriver.Topic_03_Xpath_Part2" name="Register_02_Invalid_Email" time="0.0">
    <skipped/>
  </testcase> <!-- Register_02_Invalid_Email -->
  <testcase classname="webdriver.Topic_03_Xpath_Part2" name="Register_03_Incorrect_Confirm_Email" time="0.0">
    <skipped/>
  </testcase> <!-- Register_03_Incorrect_Confirm_Email -->
  <testcase classname="webdriver.Topic_03_Xpath_Part2" name="Register_04_Password_Less_Than_6_Chars" time="0.0">
    <skipped/>
  </testcase> <!-- Register_04_Password_Less_Than_6_Chars -->
  <testcase classname="webdriver.Topic_03_Xpath_Part2" name="Register_05_Incorrect_Password" time="0.0">
    <skipped/>
  </testcase> <!-- Register_05_Incorrect_Password -->
  <testcase classname="webdriver.Topic_03_Xpath_Part2" name="Register_06_Incorrect_Phone" time="0.0">
    <skipped/>
  </testcase> <!-- Register_06_Incorrect_Phone -->
</testsuite> <!-- Default test -->
